<?xml version="1.0" encoding="UTF-8"?>
<!-- Generated by org.testng.reporters.JUnitReportReporter -->
<testsuite hostname="LEGION-DIPU" failures="0" tests="2" name="com.mp.HospitalManagementSystem.Tc1_Doc_ProvideAppointment_to_patient" time="16.795" errors="0" timestamp="2023-06-02T17:26:48 IST" skipped="0">
  <testcase classname="com.mp.HospitalManagementSystem.Tc1_Doc_ProvideAppointment_to_patient" name="AddAppointment" time="15.487"/>
  <system-out/>
  <testcase classname="com.mp.HospitalManagementSystem.Tc1_Doc_ProvideAppointment_to_patient" name="DoctorLogin" time="1.308"/>
  <system-out/>
</testsuite> <!-- com.mp.HospitalManagementSystem.Tc1_Doc_ProvideAppointment_to_patient -->
