<?xml version="1.0" encoding="UTF-8"?>
<!-- Generated by org.testng.reporters.JUnitReportReporter -->
<testsuite hostname="LEGION-DIPU" failures="0" tests="2" name="com.mp.HospitalManagementSystem.HmsLoginLogOut" time="9.878" errors="0" timestamp="2023-06-01T18:02:16 IST" skipped="0">
  <testcase classname="com.mp.HospitalManagementSystem.HmsLoginLogOut" name="HMSLogin" time="1.248"/>
  <system-out/>
  <testcase classname="com.mp.HospitalManagementSystem.HmsLoginLogOut" name="Patient" time="8.630"/>
  <system-out/>
</testsuite> <!-- com.mp.HospitalManagementSystem.HmsLoginLogOut -->
