<?xml version="1.0" encoding="UTF-8"?>
<!-- Generated by org.testng.reporters.JUnitReportReporter -->
<testsuite hostname="LEGION-DIPU" failures="0" tests="5" name="com.mp.HospitalManagementSystem.HospitalManagementSystem" time="29.516" errors="0" timestamp="2023-06-01T20:14:04 IST" skipped="0">
  <testcase classname="com.mp.HospitalManagementSystem.HospitalManagementSystem" name="ApproveAppointmentRequest" time="7.591"/>
  <system-out/>
  <testcase classname="com.mp.HospitalManagementSystem.HospitalManagementSystem" name="HMSPatientLogin" time="1.836"/>
  <system-out/>
  <testcase classname="com.mp.HospitalManagementSystem.HospitalManagementSystem" name="PatientLogout" time="0.705"/>
  <system-out/>
  <testcase classname="com.mp.HospitalManagementSystem.HospitalManagementSystem" name="TakingNewAppointment" time="18.363"/>
  <system-out/>
  <testcase classname="com.mp.HospitalManagementSystem.HospitalManagementSystem" name="DoctorLogin" time="1.021"/>
  <system-out/>
</testsuite> <!-- com.mp.HospitalManagementSystem.HospitalManagementSystem -->
